<?xml version="1.0" encoding="UTF-8"?>
<!-- Generated by org.testng.reporters.JUnitReportReporter -->
<testsuite hostname="Taher-PC" name="testng.betech1.nyc.TestNGTest1Test" tests="1" failures="0" timestamp="12 Dec 2015 19:10:40 GMT" time="0.020" errors="0">
  <testcase name="f" time="0.020" classname="testng.betech1.nyc.TestNGTest1Test"/>
</testsuite> <!-- testng.betech1.nyc.TestNGTest1Test -->
